[KeOps] Warning : CUDA libraries not found or could not be loaded; Switching to CPU only.
<bound method DataLoader.type of                                                                                                                                                                                                                                                                                                                         Table 1
N001080 1994-11-25 00:00:00 Top-down 1 Colonic     2021-07-01 00:00:00 167  14 Presence and size of ulcers 0   0 0 0 0 0 4  20/07/2021 9 4  18/08/2021 3   4   11/11/2021 8   4   30   23/03/2022 3   4   30   26 Never been a routine smoker            > 12 months   25/04/2022 Yes Yes Yes No  No  1 0 Yes Combo 0         0
N078015 2004-11-29 00:00:00 Step-up  1 Ileocolonic 2021-10-29 00:00:00 1800 52 Presence and size of ulcers 1   2 0 1 0 4 11 16/11/2021 3 19 20/12/2021 1   48  11/03/2022 1   7   1175 21/07/2022 1   2   563  16 Never been a routine smoker            3 - 12 months NaN        No  Yes No  No  No  2 1 No  NaN   NaN       1
N085009 1996-12-24 00:00:00 Step-up  1 Ileocolonic 2019-02-08 00:00:00 441  63 Presence and size of ulcers 2   1 2 1 1 7 17 27/02/2019 4 11 22/03/2019 9   37  11/06/2019 0   17  NaN  23/10/2019 1   12  NaN  22 NaN                                    > 12 months   NaN        No  Yes No  NaN NaN 2 1 No  NaN   0         0
N040052 1987-12-09 00:00:00 Top-down 2 Ileocolonic 2020-11-04 00:00:00 978  1  Presence and size of ulcers 2   0 0 1 0 3 8  24/11/2020 1 2  24/12/2020 2   1   18/03/2021 2   1   30   24/06/2021 3   1   30   32 Quit between 6 month and 12 months ago 3 - 12 months NaN        No  Yes Yes Yes Yes 1 0 Yes Combo 0         0
N010001 2001-09-07 00:00:00 Step-up  1 Ileal       2018-07-06 00:00:00 1792 18 Presence and size of ulcers 2   0 0 0 0 2 5  24/07/2018 4 4  17/08/2018 3   4   02/11/2018 0   14  834  01/03/2019 5   9   1800 16 Never been a routine smoker            > 12 months   NaN        No  Yes No  No  No  3 2 No  NaN   3         0
...                                                                                                                                                                                                                                                                                                                         ...
N001087 1988-07-31 00:00:00 Step-up  1 Colonic     2021-10-06 00:00:00 431  4  Presence and size of ulcers 0   1 0 1 1 3 11 27/10/2021 3 4  17/12/2021 1   4   03/03/2022 3   10  1654 28/06/2022 7   4   916  33 Never been a routine smoker            > 12 months   14/07/2022 Yes Yes Yes Yes Yes 2 2 Yes Combo 0         0
N012005 1975-11-04 00:00:00 Step-up  2 Colonic     2019-04-16 00:00:00 1800 70 Presence and size of ulcers 0   1 1 3 0 5 17 30/04/2019 1 15 28/05/2019 3   28  20/08/2019 6   64  NaN  10/12/2019 3   14  NaN  43 Quit over 1 year ago                   > 12 months   NaN        NaN NaN NaN NaN NaN 1 2 Yes Combo NaN       2
N055004 1996-05-04 00:00:00 Step-up  1 Ileocolonic 2020-10-29 00:00:00 394  2  Presence and size of ulcers 0   1 0 0 1 2 12 12/11/2020 8 1  NaN        NaN NaN NaN        NaN NaN NaN  NaN        NaN NaN NaN  24 Never been a routine smoker            > 12 months   NaN        NaN NaN NaN NaN NaN 1 1 No  NaN   NaN     NaN
N085001 1989-03-02 00:00:00 Top-down 1 Colonic     2018-05-24 00:00:00 600  34 Presence and size of ulcers 0   2 3 3 1 9 23 07/06/2018 1 9  04/07/2018 1   1   26/09/2018 3   1   30   16/01/2019 1   1   30   29 Never been a routine smoker            > 12 months   13/03/2019 Yes Yes Yes Yes Yes 1 0 Yes Combo 0         2
N117001 1981-09-26 00:00:00 Step-up  1 Colonic     2021-09-09 00:00:00 149  5  Presence and size of ulcers NaN 1 0 0 0 1 7  23/09/2021 5 4  03/11/2021 4   6   13/01/2022 2   10  133  04/05/2022 7   11  271  39 Quit over 1 year ago                   > 12 months   NaN        No  No  No  NaN NaN 2 1 No  NaN   0         0

[312 rows x 1 columns]>
<bound method DataLoader.type of                                                                                                                                                                                                                                                                                                                          Table 1
N001010 1971-10-11 00:00:00 Step-up  2 Ileocolonic 2018-06-19 00:00:00 167  15  Presence and size of ulcers 2   1 1 1 1 6  18 06/07/2018 1 4   07/08/2018 1 4  29/10/2018 0 4   228 12/02/2019 0  4   518  46 NaN                                   3 - 12 months NaN        No  Yes No        No  No  1 0 No  NaN   0         0
N001052 1989-02-01 00:00:00 Step-up  1 Ileocolonic 2019-11-21 00:00:00 1589 26  Presence and size of ulcers 0   0 0 0 0 0  9  04/12/2019 1 4   10/01/2020 1 8  18/03/2020 1 NaN NaN 23/07/2020 1  4   207  30 Never been a routine smoker           > 12 months   NaN        No  Yes Yes       Yes Yes 2 1 No  NaN   0         0
N001039 1997-07-22 00:00:00 Top-down 2 Ileal       2019-06-12 00:00:00 100  12  Presence and size of ulcers 1   0 0 0 0 1  3  27/06/2019 7 36  01/08/2019 3 4  10/10/2019 8 18  30  11/02/2020 5  41  155  21 Never been a routine smoker           > 12 months   17/02/2020 Yes Yes No        Yes Yes 1 0 Yes Combo 0         0
N077007 1996-01-06 00:00:00 Top-down 2 Colonic     2019-06-28 00:00:00 1281 5   Presence and size of ulcers 0   1 1 1 0 3  9  12/07/2019 7 5   21/08/2019 1 5  20/11/2019 1 5   353 21/02/2020 0  1   816  23 Never been a routine smoker           3 - 12 months 17/04/2020 Yes Yes No        Yes Yes 1 0 Yes Combo 0         0
N089004 1997-08-26 00:00:00 Step-up  2 Ileocolonic 2019-08-06 00:00:00 201  45  Presence and size of ulcers 1   2 2 1 0 6  18 20/08/2019 5 15  17/09/2019 9 23 06/12/2019 9 8   363 05/03/2020 12 8   114  21 Quit between 1 month and 6 months ago 3 - 12 months 01/06/2020 Yes No  Yes       No  No  3 3 Yes Combo 0         3
...                                                                                                                                                                                                                                                                                                                          ...
N001003 1985-06-18 00:00:00 Top-down 1 Colonic     2018-03-15 00:00:00 680  12  Presence and size of ulcers NaN 1 2 2 0 5  15 26/03/2018 0 4   24/04/2018 1 4  24/07/2018 0 4   NaN 06/11/2018 1  4   30   32 Never been a routine smoker           > 12 months   02/01/2019 Yes Yes Yes       Yes Yes 1 0 Yes Combo NaN     NaN
N001022 1998-04-10 00:00:00 Step-up  1 Ileocolonic 2018-12-04 00:00:00 1591 75  Presence and size of ulcers 2   1 3 3 1 10 29 18/12/2018 5 25  22/01/2019 2 12 11/04/2019 5 28  NaN 16/08/2019 3  27  1475 20 Never been a routine smoker           3 - 12 months NaN        No  Yes No        No  No  2 1 No  NaN   0         3
N104002 1970-06-21 00:00:00 Step-up  1 Colonic     2021-09-22 00:00:00 1177 27  Presence and size of ulcers 0   2 0 0 0 2  7  14/10/2021 8 33  10/11/2021 8 17 26/01/2022 3 2   111 18/05/2022 2  2   46   51 Quit over 1 year ago                  3 - 12 months 13/07/2022 Yes Yes Yes       Yes No  2 2 Yes Mono  0         0
N045002 1995-11-16 00:00:00 Top-down 1 Ileal       2019-06-05 00:00:00 1259 1   Presence and size of ulcers 2   0 0 0 1 3  9  19/06/2019 4 1   11/07/2019 8 1  03/10/2019 1 1   30  16/01/2020 3  1   202  23 Never been a routine smoker           > 12 months   23/01/2020 Yes Yes Yes/Maybe Yes Yes 1 0 Yes Combo 0         0
N048008 1973-12-30 00:00:00 Step-up  1 Colonic     2021-03-04 00:00:00 988  0.7 Presence and size of ulcers 1   2 2 1 0 6  24 18/03/2021 1 0.3 19/04/2021 3 3  26/07/2021 4 0.4 73  15/11/2021 0  0.6 305  47 Quit over 1 year ago                  < 3 months    NaN        No  Yes Yes       Yes Yes 1 0 No  NaN   0         1

[79 rows x 1 columns]>
